f:\platform\tools\svms\svms\svms\release\analysevideoareadlg.obj
f:\platform\tools\svms\svms\svms\release\client.obj
f:\platform\tools\svms\svms\svms\release\facealarm.obj
f:\platform\tools\svms\svms\svms\release\moc_animationbutton.obj
f:\platform\tools\svms\svms\svms\release\moc_dmp3b.obj
f:\platform\tools\svms\svms\svms\release\moc_modifyuser.obj
f:\platform\tools\svms\svms\svms\release\moc_adddevice.obj
f:\platform\tools\svms\svms\svms\release\moc_capacityset.obj
f:\platform\tools\svms\svms\svms\release\moc_confignetwork.obj
f:\platform\tools\svms\svms\svms\release\moc_equimentmgt.obj
f:\platform\tools\svms\svms\svms\release\moc_logsearch.obj
f:\platform\tools\svms\svms\svms\release\moc_ordinaryset.obj
f:\platform\tools\svms\svms\svms\release\moc_systemset.obj
f:\platform\tools\svms\svms\svms\release\moc_usermgt.obj
f:\platform\tools\svms\svms\svms\release\iconhelper.obj
f:\platform\tools\svms\svms\svms\release\mlog.obj
f:\platform\tools\svms\svms\svms\release\modifydevice.obj
f:\platform\tools\svms\svms\svms\release\replaydowndlg.obj
f:\platform\tools\svms\svms\svms\release\videoplayback.obj
f:\platform\tools\svms\svms\svms\release\analysisdlg.obj
f:\platform\tools\svms\svms\svms\release\clickedlabel.obj
f:\platform\tools\svms\svms\svms\release\compareevent.obj
f:\platform\tools\svms\svms\svms\release\comparerecord.obj
f:\platform\tools\svms\svms\svms\release\moc_about.obj
f:\platform\tools\svms\svms\svms\release\moc_changeskin.obj
f:\platform\tools\svms\svms\svms\release\moc_analysevideoareadlg.obj
f:\platform\tools\svms\svms\svms\release\moc_comparerecord.obj
f:\platform\tools\svms\svms\svms\release\moc_excelimport.obj
f:\platform\tools\svms\svms\svms\release\moc_layerdrawwidget.obj
f:\platform\tools\svms\svms\svms\release\moc_messbox.obj
f:\platform\tools\svms\svms\svms\release\moc_preview.obj
f:\platform\tools\svms\svms\svms\release\moc_temperaturebox.obj
f:\platform\tools\svms\svms\svms\release\moc_videowarning.obj
f:\platform\tools\svms\svms\svms\release\main.obj
f:\platform\tools\svms\svms\svms\release\parammeteset.obj
f:\platform\tools\svms\svms\svms\release\showcpumemory.obj
f:\platform\tools\svms\svms\svms\release\systemset.obj
f:\platform\tools\svms\svms\svms\release\videotimeline.obj
f:\platform\tools\svms\svms\svms\release\videowarning.obj
f:\platform\tools\svms\svms\svms\release\adduser.obj
f:\platform\tools\svms\svms\svms\release\changeskin.obj
f:\platform\tools\svms\svms\svms\release\device.obj
f:\platform\tools\svms\svms\svms\release\dmp3b.obj
f:\platform\tools\svms\svms\svms\release\excelimport.obj
f:\platform\tools\svms\svms\svms\release\framebuf.obj
f:\platform\tools\svms\svms\svms\release\moc_adduser.obj
f:\platform\tools\svms\svms\svms\release\moc_clickedlabel.obj
f:\platform\tools\svms\svms\svms\release\moc_timescalecontrolwidget.obj
f:\platform\tools\svms\svms\svms\release\moc_appinit.obj
f:\platform\tools\svms\svms\svms\release\moc_behavioranalysedlg.obj
f:\platform\tools\svms\svms\svms\release\moc_iconhelper.obj
f:\platform\tools\svms\svms\svms\release\moc_modifychannel.obj
f:\platform\tools\svms\svms\svms\release\moc_onevideopro.obj
f:\platform\tools\svms\svms\svms\release\moc_replaydowndlg.obj
f:\platform\tools\svms\svms\svms\release\moc_upgrade.obj
f:\platform\tools\svms\svms\svms\release\layerdrawwidget.obj
f:\platform\tools\svms\svms\svms\release\logsearch.obj
f:\platform\tools\svms\svms\svms\release\onevideopro.obj
f:\platform\tools\svms\svms\svms\release\temperaturebox.obj
f:\platform\tools\svms\svms\svms\release\animationbutton.obj
f:\platform\tools\svms\svms\svms\release\appinit.obj
f:\platform\tools\svms\svms\svms\release\capacityset.obj
f:\platform\tools\svms\svms\svms\release\cpumemorylabel.obj
f:\platform\tools\svms\svms\svms\release\jlndevice.obj
f:\platform\tools\svms\svms\svms\release\moc_cpumemorylabel.obj
f:\platform\tools\svms\svms\svms\release\moc_layerwidget.obj
f:\platform\tools\svms\svms\svms\release\moc_videotimeline.obj
f:\platform\tools\svms\svms\svms\release\moc_devtreepro.obj
f:\platform\tools\svms\svms\svms\release\moc_imageset.obj
f:\platform\tools\svms\svms\svms\release\moc_onevideo.obj
f:\platform\tools\svms\svms\svms\release\moc_parammeteset.obj
f:\platform\tools\svms\svms\svms\release\moc_unrecognition.obj
f:\platform\tools\svms\svms\svms\release\moc_windowlock.obj
f:\platform\tools\svms\svms\svms\release\login.obj
f:\platform\tools\svms\svms\svms\release\onevideo.obj
f:\platform\tools\svms\svms\svms\release\preview.obj
f:\platform\tools\svms\svms\svms\release\timescalecontrolwidget.obj
f:\platform\tools\svms\svms\svms\release\upgrade.obj
f:\platform\tools\svms\svms\svms\release\vmtools.obj
f:\platform\tools\svms\svms\svms\release\adddevice.obj
f:\platform\tools\svms\svms\svms\release\db.obj
f:\platform\tools\svms\svms\svms\release\equimentmgt.obj
f:\platform\tools\svms\svms\svms\release\moc_client.obj
f:\platform\tools\svms\svms\svms\release\moc_modifydevice.obj
f:\platform\tools\svms\svms\svms\release\moc_recognition.obj
f:\platform\tools\svms\svms\svms\release\moc_streamset.obj
f:\platform\tools\svms\svms\svms\release\moc_vmtools.obj
f:\platform\tools\svms\svms\svms\release\imageset.obj
f:\platform\tools\svms\svms\svms\release\modifychannel.obj
f:\platform\tools\svms\svms\svms\release\recognition.obj
f:\platform\tools\svms\svms\svms\release\unrecognition.obj
f:\platform\tools\svms\svms\svms\release\about.obj
f:\platform\tools\svms\svms\svms\release\behavioranalysedlg.obj
f:\platform\tools\svms\svms\svms\release\confignetwork.obj
f:\platform\tools\svms\svms\svms\release\devtreepro.obj
f:\platform\tools\svms\svms\svms\release\moc_analysisdlg.obj
f:\platform\tools\svms\svms\svms\release\moc_db.obj
f:\platform\tools\svms\svms\svms\release\moc_facealarm.obj
f:\platform\tools\svms\svms\svms\release\moc_login.obj
f:\platform\tools\svms\svms\svms\release\moc_showcpumemory.obj
f:\platform\tools\svms\svms\svms\release\moc_videoplayback.obj
f:\platform\tools\svms\svms\svms\release\layerwidget.obj
f:\platform\tools\svms\svms\svms\release\messbox.obj
f:\platform\tools\svms\svms\svms\release\modifyuser.obj
f:\platform\tools\svms\svms\svms\release\ordinaryset.obj
f:\platform\tools\svms\svms\svms\release\qrc_res.obj
f:\platform\tools\svms\svms\svms\release\streamset.obj
f:\platform\tools\svms\svms\svms\release\usermgt.obj
f:\platform\tools\svms\svms\svms\release\windowlock.obj
f:\platform\tools\svms\svms\svms\release\qrc_client.obj
f:\platform\tools\svms\svms\svms\generatedfiles\release\moc_client.cpp
f:\platform\tools\svms\svms\svms\generatedfiles\release\moc_videotimeline.cpp
f:\platform\tools\svms\svms\svms\generatedfiles\release\moc_timescalecontrolwidget.cpp
f:\platform\tools\svms\svms\svms\generatedfiles\release\moc_layerdrawwidget.cpp
f:\platform\tools\svms\svms\svms\generatedfiles\release\moc_layerwidget.cpp
f:\platform\tools\svms\svms\svms\generatedfiles\release\moc_onevideopro.cpp
f:\platform\tools\svms\svms\svms\generatedfiles\release\moc_preview.cpp
f:\platform\tools\svms\svms\svms\generatedfiles\release\moc_appinit.cpp
f:\platform\tools\svms\svms\svms\generatedfiles\release\moc_replaydowndlg.cpp
f:\platform\tools\svms\svms\svms\generatedfiles\release\moc_capacityset.cpp
f:\platform\tools\svms\svms\svms\generatedfiles\release\moc_adddevice.cpp
f:\platform\tools\svms\svms\svms\generatedfiles\release\moc_devtreepro.cpp
f:\platform\tools\svms\svms\svms\generatedfiles\release\moc_modifydevice.cpp
f:\platform\tools\svms\svms\svms\generatedfiles\release\moc_iconhelper.cpp
f:\platform\tools\svms\svms\svms\generatedfiles\release\moc_db.cpp
f:\platform\tools\svms\svms\svms\generatedfiles\release\moc_unrecognition.cpp
f:\platform\tools\svms\svms\svms\generatedfiles\release\moc_recognition.cpp
f:\platform\tools\svms\svms\svms\generatedfiles\release\moc_systemset.cpp
f:\platform\tools\svms\svms\svms\generatedfiles\release\moc_usermgt.cpp
f:\platform\tools\svms\svms\svms\generatedfiles\release\moc_comparerecord.cpp
f:\platform\tools\svms\svms\svms\generatedfiles\release\moc_clickedlabel.cpp
f:\platform\tools\svms\svms\svms\generatedfiles\release\moc_videoplayback.cpp
f:\platform\tools\svms\svms\svms\generatedfiles\release\moc_equimentmgt.cpp
f:\platform\tools\svms\svms\svms\generatedfiles\release\moc_modifyuser.cpp
f:\platform\tools\svms\svms\svms\generatedfiles\release\moc_adduser.cpp
f:\platform\tools\svms\svms\svms\generatedfiles\release\moc_logsearch.cpp
f:\platform\tools\svms\svms\svms\generatedfiles\release\moc_login.cpp
f:\platform\tools\svms\svms\svms\generatedfiles\qrc_res.cpp
f:\platform\tools\svms\svms\svms\generatedfiles\release\moc_onevideo.cpp
f:\platform\tools\svms\svms\svms\generatedfiles\release\moc_windowlock.cpp
f:\platform\tools\svms\svms\svms\generatedfiles\release\moc_animationbutton.cpp
f:\platform\tools\svms\svms\svms\generatedfiles\release\moc_showcpumemory.cpp
f:\platform\tools\svms\svms\svms\generatedfiles\release\moc_messbox.cpp
f:\platform\tools\svms\svms\svms\generatedfiles\release\moc_about.cpp
f:\platform\tools\svms\svms\svms\generatedfiles\release\moc_cpumemorylabel.cpp
f:\platform\tools\svms\svms\svms\generatedfiles\release\moc_excelimport.cpp
f:\platform\tools\svms\svms\svms\generatedfiles\release\moc_confignetwork.cpp
f:\platform\tools\svms\svms\svms\generatedfiles\release\moc_vmtools.cpp
f:\platform\tools\svms\svms\svms\generatedfiles\release\moc_parammeteset.cpp
f:\platform\tools\svms\svms\svms\generatedfiles\release\moc_facealarm.cpp
f:\platform\tools\svms\svms\svms\generatedfiles\release\moc_streamset.cpp
f:\platform\tools\svms\svms\svms\generatedfiles\release\moc_modifychannel.cpp
f:\platform\tools\svms\svms\svms\generatedfiles\release\moc_analysevideoareadlg.cpp
f:\platform\tools\svms\svms\svms\generatedfiles\release\moc_dmp3b.cpp
f:\platform\tools\svms\svms\svms\generatedfiles\release\moc_behavioranalysedlg.cpp
f:\platform\tools\svms\svms\svms\generatedfiles\release\moc_upgrade.cpp
f:\platform\tools\svms\svms\svms\generatedfiles\release\moc_changeskin.cpp
f:\platform\tools\svms\svms\svms\generatedfiles\release\moc_imageset.cpp
f:\platform\tools\svms\svms\svms\generatedfiles\release\moc_analysisdlg.cpp
f:\platform\tools\svms\svms\svms\generatedfiles\release\moc_temperaturebox.cpp
f:\platform\tools\svms\svms\svms\generatedfiles\release\moc_ordinaryset.cpp
f:\platform\tools\svms\svms\svms\generatedfiles\release\moc_videowarning.cpp
f:\platform\tools\svms\svms\svms\generatedfiles\ui_about.h
f:\platform\tools\svms\svms\svms\generatedfiles\ui_adddevice.h
f:\platform\tools\svms\svms\svms\generatedfiles\ui_adduser.h
f:\platform\tools\svms\svms\svms\generatedfiles\ui_analysevideoareadlg.h
f:\platform\tools\svms\svms\svms\generatedfiles\ui_behavioranalysedlg.h
f:\platform\tools\svms\svms\svms\generatedfiles\ui_capacityset.h
f:\platform\tools\svms\svms\svms\generatedfiles\ui_changeskin.h
f:\platform\tools\svms\svms\svms\generatedfiles\ui_client.h
f:\platform\tools\svms\svms\svms\generatedfiles\ui_comparerecord.h
f:\platform\tools\svms\svms\svms\generatedfiles\ui_confignetwork.h
f:\platform\tools\svms\svms\svms\generatedfiles\ui_display.h
f:\platform\tools\svms\svms\svms\generatedfiles\ui_electrocmap.h
f:\platform\tools\svms\svms\svms\generatedfiles\ui_equimentlist.h
f:\platform\tools\svms\svms\svms\generatedfiles\ui_equimentmgt.h
f:\platform\tools\svms\svms\svms\generatedfiles\ui_excelimport.h
f:\platform\tools\svms\svms\svms\generatedfiles\ui_facealarm.h
f:\platform\tools\svms\svms\svms\generatedfiles\ui_imageset.h
f:\platform\tools\svms\svms\svms\generatedfiles\ui_jlconfigsetting.h
f:\platform\tools\svms\svms\svms\generatedfiles\ui_login.h
f:\platform\tools\svms\svms\svms\generatedfiles\ui_logsearch.h
f:\platform\tools\svms\svms\svms\generatedfiles\ui_messbox.h
f:\platform\tools\svms\svms\svms\generatedfiles\ui_modifychannel.h
f:\platform\tools\svms\svms\svms\generatedfiles\ui_modifydevice.h
f:\platform\tools\svms\svms\svms\generatedfiles\ui_modifyuser.h
f:\platform\tools\svms\svms\svms\generatedfiles\ui_onevideo.h
f:\platform\tools\svms\svms\svms\generatedfiles\ui_onevideopro.h
f:\platform\tools\svms\svms\svms\generatedfiles\ui_ordinaryset.h
f:\platform\tools\svms\svms\svms\generatedfiles\ui_parammeteset.h
f:\platform\tools\svms\svms\svms\generatedfiles\ui_preview.h
f:\platform\tools\svms\svms\svms\generatedfiles\ui_recognition.h
f:\platform\tools\svms\svms\svms\generatedfiles\ui_replaydowndlg.h
f:\platform\tools\svms\svms\svms\generatedfiles\ui_streamset.h
f:\platform\tools\svms\svms\svms\generatedfiles\ui_systemset.h
f:\platform\tools\svms\svms\svms\generatedfiles\ui_unrecognition.h
f:\platform\tools\svms\svms\svms\generatedfiles\ui_upgrade.h
f:\platform\tools\svms\svms\svms\generatedfiles\ui_usermgt.h
f:\platform\tools\svms\svms\svms\generatedfiles\ui_videoplayback.h
f:\platform\tools\svms\svms\svms\generatedfiles\ui_videowarning.h
f:\platform\tools\svms\svms\svms\generatedfiles\ui_vmtools.h
f:\platform\tools\svms\svms\svms\generatedfiles\ui_windowlock.h
f:\platform\tools\svms\svms\svms\generatedfiles\ui_tempraturebox.h
f:\platform\tools\svms\svms\svms\generatedfiles\ui_analysisdlg.h
f:\platform\tools\svms\svms\win32\svms.exe
f:\platform\tools\svms\svms\svms\release\svms1.res
f:\platform\tools\svms\svms\svms\release\vc140.pdb
f:\platform\tools\svms\svms\svms\release\svms.tlog\cl.command.1.tlog
f:\platform\tools\svms\svms\svms\release\svms.tlog\cl.read.1.tlog
f:\platform\tools\svms\svms\svms\release\svms.tlog\cl.write.1.tlog
f:\platform\tools\svms\svms\svms\release\svms.tlog\custombuild.command.1.tlog
f:\platform\tools\svms\svms\svms\release\svms.tlog\custombuild.read.1.tlog
f:\platform\tools\svms\svms\svms\release\svms.tlog\custombuild.write.1.tlog
f:\platform\tools\svms\svms\svms\release\svms.tlog\link.command.1.tlog
f:\platform\tools\svms\svms\svms\release\svms.tlog\link.read.1.tlog
f:\platform\tools\svms\svms\svms\release\svms.tlog\link.write.1.tlog
f:\platform\tools\svms\svms\svms\release\svms.tlog\rc.command.1.tlog
f:\platform\tools\svms\svms\svms\release\svms.tlog\rc.read.1.tlog
f:\platform\tools\svms\svms\svms\release\svms.tlog\rc.write.1.tlog
