f:\platform\tools\svms\svms\svms\debug\vc140.pdb
f:\platform\tools\svms\svms\svms\debug\devtreepro.obj
f:\platform\tools\svms\svms\svms\debug\jlndevice.obj
f:\platform\tools\svms\svms\svms\debug\device.obj
f:\platform\tools\svms\svms\svms\debug\db.obj
f:\platform\tools\svms\svms\svms\debug\cpumemorylabel.obj
f:\platform\tools\svms\svms\svms\debug\confignetwork.obj
f:\platform\tools\svms\svms\svms\debug\comparerecord.obj
f:\platform\tools\svms\svms\svms\debug\compareevent.obj
f:\platform\tools\svms\svms\svms\debug\client.obj
f:\platform\tools\svms\svms\svms\debug\clickedlabel.obj
f:\platform\tools\svms\svms\svms\debug\changeskin.obj
f:\platform\tools\svms\svms\svms\debug\capacityset.obj
f:\platform\tools\svms\svms\svms\debug\behavioranalysedlg.obj
f:\platform\tools\svms\svms\svms\debug\appinit.obj
f:\platform\tools\svms\svms\svms\debug\animationbutton.obj
f:\platform\tools\svms\svms\svms\debug\analysisdlg.obj
f:\platform\tools\svms\svms\svms\debug\analysevideoareadlg.obj
f:\platform\tools\svms\svms\svms\debug\adduser.obj
f:\platform\tools\svms\svms\svms\debug\adddevice.obj
f:\platform\tools\svms\svms\svms\debug\about.obj
f:\platform\tools\svms\svms\svms\debug\moc_cpumemorylabel.obj
f:\platform\tools\svms\svms\svms\debug\moc_confignetwork.obj
f:\platform\tools\svms\svms\svms\debug\moc_comparerecord.obj
f:\platform\tools\svms\svms\svms\debug\moc_client.obj
f:\platform\tools\svms\svms\svms\debug\moc_clickedlabel.obj
f:\platform\tools\svms\svms\svms\debug\moc_changeskin.obj
f:\platform\tools\svms\svms\svms\debug\moc_capacityset.obj
f:\platform\tools\svms\svms\svms\debug\moc_behavioranalysedlg.obj
f:\platform\tools\svms\svms\svms\debug\moc_appinit.obj
f:\platform\tools\svms\svms\svms\debug\moc_animationbutton.obj
f:\platform\tools\svms\svms\svms\debug\moc_analysisdlg.obj
f:\platform\tools\svms\svms\svms\debug\moc_analysevideoareadlg.obj
f:\platform\tools\svms\svms\svms\debug\moc_adduser.obj
f:\platform\tools\svms\svms\svms\debug\moc_adddevice.obj
f:\platform\tools\svms\svms\svms\debug\moc_about.obj
f:\platform\tools\svms\svms\svms\debug\framebuf.obj
f:\platform\tools\svms\svms\svms\debug\facealarm.obj
f:\platform\tools\svms\svms\svms\debug\excelimport.obj
f:\platform\tools\svms\svms\svms\debug\equimentmgt.obj
f:\platform\tools\svms\svms\svms\debug\dmp3b.obj
f:\platform\tools\svms\svms\svms\debug\moc_parammeteset.obj
f:\platform\tools\svms\svms\svms\debug\moc_ordinaryset.obj
f:\platform\tools\svms\svms\svms\debug\moc_onevideopro.obj
f:\platform\tools\svms\svms\svms\debug\moc_onevideo.obj
f:\platform\tools\svms\svms\svms\debug\moc_modifyuser.obj
f:\platform\tools\svms\svms\svms\debug\moc_modifydevice.obj
f:\platform\tools\svms\svms\svms\debug\moc_modifychannel.obj
f:\platform\tools\svms\svms\svms\debug\moc_messbox.obj
f:\platform\tools\svms\svms\svms\debug\moc_logsearch.obj
f:\platform\tools\svms\svms\svms\debug\moc_login.obj
f:\platform\tools\svms\svms\svms\debug\moc_layerwidget.obj
f:\platform\tools\svms\svms\svms\debug\moc_layerdrawwidget.obj
f:\platform\tools\svms\svms\svms\debug\moc_imageset.obj
f:\platform\tools\svms\svms\svms\debug\moc_iconhelper.obj
f:\platform\tools\svms\svms\svms\debug\moc_facealarm.obj
f:\platform\tools\svms\svms\svms\debug\moc_excelimport.obj
f:\platform\tools\svms\svms\svms\debug\moc_equimentmgt.obj
f:\platform\tools\svms\svms\svms\debug\moc_dmp3b.obj
f:\platform\tools\svms\svms\svms\debug\moc_devtreepro.obj
f:\platform\tools\svms\svms\svms\debug\moc_db.obj
f:\platform\tools\svms\svms\svms\debug\layerwidget.obj
f:\platform\tools\svms\svms\svms\debug\layerdrawwidget.obj
f:\platform\tools\svms\svms\svms\debug\imageset.obj
f:\platform\tools\svms\svms\svms\debug\iconhelper.obj
f:\platform\tools\svms\svms\svms\debug\moc_windowlock.obj
f:\platform\tools\svms\svms\svms\debug\moc_vmtools.obj
f:\platform\tools\svms\svms\svms\debug\moc_videowarning.obj
f:\platform\tools\svms\svms\svms\debug\moc_videotimeline.obj
f:\platform\tools\svms\svms\svms\debug\moc_videoplayback.obj
f:\platform\tools\svms\svms\svms\debug\moc_usermgt.obj
f:\platform\tools\svms\svms\svms\debug\moc_upgrade.obj
f:\platform\tools\svms\svms\svms\debug\moc_unrecognition.obj
f:\platform\tools\svms\svms\svms\debug\moc_timescalecontrolwidget.obj
f:\platform\tools\svms\svms\svms\debug\moc_temperaturebox.obj
f:\platform\tools\svms\svms\svms\debug\moc_systemset.obj
f:\platform\tools\svms\svms\svms\debug\moc_streamset.obj
f:\platform\tools\svms\svms\svms\debug\moc_showcpumemory.obj
f:\platform\tools\svms\svms\svms\debug\moc_replaydowndlg.obj
f:\platform\tools\svms\svms\svms\debug\moc_recognition.obj
f:\platform\tools\svms\svms\svms\debug\moc_preview.obj
f:\platform\tools\svms\svms\svms\debug\temperaturebox.obj
f:\platform\tools\svms\svms\svms\debug\systemset.obj
f:\platform\tools\svms\svms\svms\debug\streamset.obj
f:\platform\tools\svms\svms\svms\debug\showcpumemory.obj
f:\platform\tools\svms\svms\svms\debug\qrc_res.obj
f:\platform\tools\svms\svms\svms\debug\replaydowndlg.obj
f:\platform\tools\svms\svms\svms\debug\recognition.obj
f:\platform\tools\svms\svms\svms\debug\preview.obj
f:\platform\tools\svms\svms\svms\debug\parammeteset.obj
f:\platform\tools\svms\svms\svms\debug\ordinaryset.obj
f:\platform\tools\svms\svms\svms\debug\onevideopro.obj
f:\platform\tools\svms\svms\svms\debug\onevideo.obj
f:\platform\tools\svms\svms\svms\debug\modifyuser.obj
f:\platform\tools\svms\svms\svms\debug\modifydevice.obj
f:\platform\tools\svms\svms\svms\debug\modifychannel.obj
f:\platform\tools\svms\svms\svms\debug\mlog.obj
f:\platform\tools\svms\svms\svms\debug\messbox.obj
f:\platform\tools\svms\svms\svms\debug\main.obj
f:\platform\tools\svms\svms\svms\debug\logsearch.obj
f:\platform\tools\svms\svms\svms\debug\login.obj
f:\platform\tools\svms\svms\svms\debug\windowlock.obj
f:\platform\tools\svms\svms\svms\debug\vmtools.obj
f:\platform\tools\svms\svms\svms\debug\videowarning.obj
f:\platform\tools\svms\svms\svms\debug\videotimeline.obj
f:\platform\tools\svms\svms\svms\debug\videoplayback.obj
f:\platform\tools\svms\svms\svms\debug\usermgt.obj
f:\platform\tools\svms\svms\svms\debug\upgrade.obj
f:\platform\tools\svms\svms\svms\debug\unrecognition.obj
f:\platform\tools\svms\svms\svms\debug\timescalecontrolwidget.obj
f:\platform\tools\svms\svms\svms\debug\qrc_client.obj
f:\platform\tools\svms\svms\svms\generatedfiles\debug\moc_client.cpp
f:\platform\tools\svms\svms\svms\generatedfiles\debug\moc_videotimeline.cpp
f:\platform\tools\svms\svms\svms\generatedfiles\debug\moc_timescalecontrolwidget.cpp
f:\platform\tools\svms\svms\svms\generatedfiles\debug\moc_layerdrawwidget.cpp
f:\platform\tools\svms\svms\svms\generatedfiles\debug\moc_layerwidget.cpp
f:\platform\tools\svms\svms\svms\generatedfiles\debug\moc_onevideopro.cpp
f:\platform\tools\svms\svms\svms\generatedfiles\debug\moc_preview.cpp
f:\platform\tools\svms\svms\svms\generatedfiles\debug\moc_appinit.cpp
f:\platform\tools\svms\svms\svms\generatedfiles\debug\moc_replaydowndlg.cpp
f:\platform\tools\svms\svms\svms\generatedfiles\debug\moc_capacityset.cpp
f:\platform\tools\svms\svms\svms\generatedfiles\debug\moc_adddevice.cpp
f:\platform\tools\svms\svms\svms\generatedfiles\debug\moc_devtreepro.cpp
f:\platform\tools\svms\svms\svms\generatedfiles\debug\moc_modifydevice.cpp
f:\platform\tools\svms\svms\svms\generatedfiles\debug\moc_iconhelper.cpp
f:\platform\tools\svms\svms\svms\generatedfiles\debug\moc_db.cpp
f:\platform\tools\svms\svms\svms\generatedfiles\debug\moc_unrecognition.cpp
f:\platform\tools\svms\svms\svms\generatedfiles\debug\moc_recognition.cpp
f:\platform\tools\svms\svms\svms\generatedfiles\debug\moc_usermgt.cpp
f:\platform\tools\svms\svms\svms\generatedfiles\debug\moc_comparerecord.cpp
f:\platform\tools\svms\svms\svms\generatedfiles\debug\moc_clickedlabel.cpp
f:\platform\tools\svms\svms\svms\generatedfiles\debug\moc_videoplayback.cpp
f:\platform\tools\svms\svms\svms\generatedfiles\debug\moc_equimentmgt.cpp
f:\platform\tools\svms\svms\svms\generatedfiles\debug\moc_modifyuser.cpp
f:\platform\tools\svms\svms\svms\generatedfiles\debug\moc_adduser.cpp
f:\platform\tools\svms\svms\svms\generatedfiles\debug\moc_logsearch.cpp
f:\platform\tools\svms\svms\svms\generatedfiles\debug\moc_login.cpp
f:\platform\tools\svms\svms\svms\generatedfiles\qrc_res.cpp
f:\platform\tools\svms\svms\svms\generatedfiles\debug\moc_onevideo.cpp
f:\platform\tools\svms\svms\svms\generatedfiles\debug\moc_windowlock.cpp
f:\platform\tools\svms\svms\svms\generatedfiles\debug\moc_animationbutton.cpp
f:\platform\tools\svms\svms\svms\generatedfiles\debug\moc_showcpumemory.cpp
f:\platform\tools\svms\svms\svms\generatedfiles\debug\moc_messbox.cpp
f:\platform\tools\svms\svms\svms\generatedfiles\debug\moc_about.cpp
f:\platform\tools\svms\svms\svms\generatedfiles\debug\moc_cpumemorylabel.cpp
f:\platform\tools\svms\svms\svms\generatedfiles\debug\moc_excelimport.cpp
f:\platform\tools\svms\svms\svms\generatedfiles\debug\moc_confignetwork.cpp
f:\platform\tools\svms\svms\svms\generatedfiles\debug\moc_vmtools.cpp
f:\platform\tools\svms\svms\svms\generatedfiles\debug\moc_parammeteset.cpp
f:\platform\tools\svms\svms\svms\generatedfiles\debug\moc_facealarm.cpp
f:\platform\tools\svms\svms\svms\generatedfiles\debug\moc_streamset.cpp
f:\platform\tools\svms\svms\svms\generatedfiles\debug\moc_modifychannel.cpp
f:\platform\tools\svms\svms\svms\generatedfiles\debug\moc_analysevideoareadlg.cpp
f:\platform\tools\svms\svms\svms\generatedfiles\debug\moc_dmp3b.cpp
f:\platform\tools\svms\svms\svms\generatedfiles\debug\moc_behavioranalysedlg.cpp
f:\platform\tools\svms\svms\svms\generatedfiles\debug\moc_upgrade.cpp
f:\platform\tools\svms\svms\svms\generatedfiles\debug\moc_changeskin.cpp
f:\platform\tools\svms\svms\svms\generatedfiles\debug\moc_imageset.cpp
f:\platform\tools\svms\svms\svms\generatedfiles\debug\moc_analysisdlg.cpp
f:\platform\tools\svms\svms\svms\generatedfiles\debug\moc_temperaturebox.cpp
f:\platform\tools\svms\svms\svms\generatedfiles\debug\moc_ordinaryset.cpp
f:\platform\tools\svms\svms\svms\generatedfiles\debug\moc_videowarning.cpp
f:\platform\tools\svms\svms\svms\generatedfiles\ui_about.h
f:\platform\tools\svms\svms\svms\generatedfiles\ui_adddevice.h
f:\platform\tools\svms\svms\svms\generatedfiles\ui_adduser.h
f:\platform\tools\svms\svms\svms\generatedfiles\ui_analysevideoareadlg.h
f:\platform\tools\svms\svms\svms\generatedfiles\ui_behavioranalysedlg.h
f:\platform\tools\svms\svms\svms\generatedfiles\ui_capacityset.h
f:\platform\tools\svms\svms\svms\generatedfiles\ui_changeskin.h
f:\platform\tools\svms\svms\svms\generatedfiles\ui_client.h
f:\platform\tools\svms\svms\svms\generatedfiles\ui_comparerecord.h
f:\platform\tools\svms\svms\svms\generatedfiles\ui_confignetwork.h
f:\platform\tools\svms\svms\svms\generatedfiles\ui_display.h
f:\platform\tools\svms\svms\svms\generatedfiles\ui_electrocmap.h
f:\platform\tools\svms\svms\svms\generatedfiles\ui_equimentlist.h
f:\platform\tools\svms\svms\svms\generatedfiles\ui_equimentmgt.h
f:\platform\tools\svms\svms\svms\generatedfiles\ui_excelimport.h
f:\platform\tools\svms\svms\svms\generatedfiles\ui_facealarm.h
f:\platform\tools\svms\svms\svms\generatedfiles\ui_imageset.h
f:\platform\tools\svms\svms\svms\generatedfiles\ui_jlconfigsetting.h
f:\platform\tools\svms\svms\svms\generatedfiles\ui_login.h
f:\platform\tools\svms\svms\svms\generatedfiles\ui_logsearch.h
f:\platform\tools\svms\svms\svms\generatedfiles\ui_messbox.h
f:\platform\tools\svms\svms\svms\generatedfiles\ui_modifychannel.h
f:\platform\tools\svms\svms\svms\generatedfiles\ui_modifydevice.h
f:\platform\tools\svms\svms\svms\generatedfiles\ui_modifyuser.h
f:\platform\tools\svms\svms\svms\generatedfiles\ui_onevideo.h
f:\platform\tools\svms\svms\svms\generatedfiles\ui_onevideopro.h
f:\platform\tools\svms\svms\svms\generatedfiles\ui_ordinaryset.h
f:\platform\tools\svms\svms\svms\generatedfiles\ui_parammeteset.h
f:\platform\tools\svms\svms\svms\generatedfiles\ui_preview.h
f:\platform\tools\svms\svms\svms\generatedfiles\ui_recognition.h
f:\platform\tools\svms\svms\svms\generatedfiles\ui_replaydowndlg.h
f:\platform\tools\svms\svms\svms\generatedfiles\ui_streamset.h
f:\platform\tools\svms\svms\svms\generatedfiles\ui_systemset.h
f:\platform\tools\svms\svms\svms\generatedfiles\ui_unrecognition.h
f:\platform\tools\svms\svms\svms\generatedfiles\ui_upgrade.h
f:\platform\tools\svms\svms\svms\generatedfiles\ui_usermgt.h
f:\platform\tools\svms\svms\svms\generatedfiles\ui_videoplayback.h
f:\platform\tools\svms\svms\svms\generatedfiles\ui_videowarning.h
f:\platform\tools\svms\svms\svms\generatedfiles\ui_vmtools.h
f:\platform\tools\svms\svms\svms\generatedfiles\ui_windowlock.h
f:\platform\tools\svms\svms\svms\generatedfiles\ui_tempraturebox.h
f:\platform\tools\svms\svms\svms\generatedfiles\ui_analysisdlg.h
f:\platform\tools\svms\svms\svms\generatedfiles\debug\moc_systemset.cpp
f:\platform\tools\svms\svms\win32\svms_d.exe
f:\platform\tools\svms\svms\win32\svms.pdb
f:\platform\tools\svms\svms\svms\debug\svms1.res
f:\platform\tools\svms\svms\svms\debug\svms.tlog\cl.command.1.tlog
f:\platform\tools\svms\svms\svms\debug\svms.tlog\cl.read.1.tlog
f:\platform\tools\svms\svms\svms\debug\svms.tlog\cl.write.1.tlog
f:\platform\tools\svms\svms\svms\debug\svms.tlog\custombuild.command.1.tlog
f:\platform\tools\svms\svms\svms\debug\svms.tlog\custombuild.read.1.tlog
f:\platform\tools\svms\svms\svms\debug\svms.tlog\custombuild.write.1.tlog
f:\platform\tools\svms\svms\svms\debug\svms.tlog\link.command.1.tlog
f:\platform\tools\svms\svms\svms\debug\svms.tlog\link.read.1.tlog
f:\platform\tools\svms\svms\svms\debug\svms.tlog\link.write.1.tlog
f:\platform\tools\svms\svms\svms\debug\svms.tlog\rc.command.1.tlog
f:\platform\tools\svms\svms\svms\debug\svms.tlog\rc.read.1.tlog
f:\platform\tools\svms\svms\svms\debug\svms.tlog\rc.write.1.tlog
